2025-02-04 16:29:30 - WalletWave - INFO - Initializing: Solana Wallet Scanner
2025-02-04 16:29:30 - SolanaWalletScanner - INFO - Solana Wallet Scanner initialized
2025-02-04 16:29:32 - SolanaWalletScanner - INFO - Loaded 16 wallets from test.txt.
2025-02-04 16:29:32 - SolanaWalletScanner - INFO - Solana Wallet Scanner initialized with 16 wallets
2025-02-04 16:29:32 - WalletWave - INFO - Executing plugin...
2025-02-04 16:29:33 - SolanaWalletScanner - INFO - Executing Solana Wallet Scanner...
2025-02-04 16:29:33 - GMGN_Client_v2 - INFO - Executing 1 queued requests...
2025-02-04 16:29:37 - GMGN_Client_v2 - ERROR - Received HTTP Unknown for https://gmgn.ai/defi/quotation/v1/smartmoney/sol/walletNew/6VBWNKezNFrVz9jCh5qrUXz8ZoySLEZvpyBHLqF9R28Y
2025-02-04 16:29:45 - SolanaWalletScanner - ERROR - Error fetching data for wallet 6VBWNKezNFrVz9jCh5qrUXz8ZoySLEZvpyBHLqF9R28Y: 'NoneType' object has no attribute 'url'
2025-02-04 16:29:45 - GMGN_Client_v2 - INFO - Executing 2 queued requests...
2025-02-04 16:29:49 - GMGN_Client_v2 - ERROR - Received HTTP Unknown for https://gmgn.ai/defi/quotation/v1/smartmoney/sol/walletNew/FW2PJkHDm9HpVcnR2MKbP2urd8u2buJQkQWogxnw7Fja
2025-02-04 16:29:59 - SolanaWalletScanner - ERROR - Error fetching data for wallet FW2PJkHDm9HpVcnR2MKbP2urd8u2buJQkQWogxnw7Fja: 'NoneType' object has no attribute 'url'
2025-02-04 16:29:59 - GMGN_Client_v2 - INFO - Executing 3 queued requests...
2025-02-04 16:30:03 - GMGN_Client_v2 - ERROR - Received HTTP Unknown for https://gmgn.ai/defi/quotation/v1/smartmoney/sol/walletNew/FDiVPpzjfbwxvjjqUSVrqFcCS7CG8aY9WWnxSsMWuj5W
2025-02-04 16:30:11 - SolanaWalletScanner - ERROR - Error fetching data for wallet FDiVPpzjfbwxvjjqUSVrqFcCS7CG8aY9WWnxSsMWuj5W: 'NoneType' object has no attribute 'url'
2025-02-04 16:30:11 - GMGN_Client_v2 - INFO - Executing 4 queued requests...
2025-02-04 16:30:14 - GMGN_Client_v2 - ERROR - Received HTTP Unknown for https://gmgn.ai/defi/quotation/v1/smartmoney/sol/walletNew/FDiVPpzjfbwxvjjqUSVrqFcCS7CG8aY9WWnxSsMWuj5W
2025-02-04 16:30:24 - SolanaWalletScanner - ERROR - Error fetching data for wallet Gvp8oQCJh9iwyDAjW7tSt9J5FismTmBctiBf8xDX6wg8: 'NoneType' object has no attribute 'url'
2025-02-04 16:30:24 - GMGN_Client_v2 - INFO - Executing 5 queued requests...
2025-02-04 16:30:27 - GMGN_Client_v2 - ERROR - Received HTTP Unknown for https://gmgn.ai/defi/quotation/v1/smartmoney/sol/walletNew/6VBWNKezNFrVz9jCh5qrUXz8ZoySLEZvpyBHLqF9R28Y
2025-02-04 16:30:33 - SolanaWalletScanner - ERROR - Error fetching data for wallet HEmg53AvjtCejY3NgqhF3dff5uJQPaLPiHU8GsJU7WzG: 'NoneType' object has no attribute 'url'
2025-02-04 16:30:33 - GMGN_Client_v2 - INFO - Executing 6 queued requests...
2025-02-04 16:30:37 - GMGN_Client_v2 - ERROR - Received HTTP Unknown for https://gmgn.ai/defi/quotation/v1/smartmoney/sol/walletNew/Gvp8oQCJh9iwyDAjW7tSt9J5FismTmBctiBf8xDX6wg8
2025-02-04 16:30:46 - SolanaWalletScanner - ERROR - Error fetching data for wallet 5sc5JnefFVyu9AVYHzXNmEBZPXU9Lhq6LhWR5cm9JgoM: 'NoneType' object has no attribute 'url'
2025-02-04 16:30:46 - GMGN_Client_v2 - INFO - Executing 7 queued requests...
2025-02-04 16:30:49 - GMGN_Client_v2 - ERROR - Received HTTP Unknown for https://gmgn.ai/defi/quotation/v1/smartmoney/sol/walletNew/FW2PJkHDm9HpVcnR2MKbP2urd8u2buJQkQWogxnw7Fja
2025-02-04 16:30:54 - SolanaWalletScanner - ERROR - Error fetching data for wallet 7ACBAs2CmUbsNDEAWMsc46XcBzDjRTbTJzmAzK5tuy2s: 'NoneType' object has no attribute 'url'
2025-02-04 16:30:54 - GMGN_Client_v2 - INFO - Executing 8 queued requests...
2025-02-04 16:30:57 - GMGN_Client_v2 - ERROR - Received HTTP Unknown for https://gmgn.ai/defi/quotation/v1/smartmoney/sol/walletNew/5sc5JnefFVyu9AVYHzXNmEBZPXU9Lhq6LhWR5cm9JgoM
2025-02-04 16:31:03 - SolanaWalletScanner - ERROR - Error fetching data for wallet 8i5x6j11u7K1mJVrgCqpMj6R5Sv6TZUxvhgLoZAzzVpi: 'NoneType' object has no attribute 'url'
2025-02-04 16:31:03 - GMGN_Client_v2 - INFO - Executing 9 queued requests...
2025-02-04 16:31:06 - GMGN_Client_v2 - ERROR - Received HTTP Unknown for https://gmgn.ai/defi/quotation/v1/smartmoney/sol/walletNew/FW2PJkHDm9HpVcnR2MKbP2urd8u2buJQkQWogxnw7Fja
2025-02-04 16:31:06 - GMGN_Client_v2 - ERROR - Received HTTP Unknown for https://gmgn.ai/defi/quotation/v1/smartmoney/sol/walletNew/FDiVPpzjfbwxvjjqUSVrqFcCS7CG8aY9WWnxSsMWuj5W
2025-02-04 16:44:51 - WalletWave - INFO - Initializing: Solana Wallet Scanner
2025-02-04 16:44:51 - SolanaWalletScanner - INFO - Solana Wallet Scanner initialized
2025-02-04 16:44:52 - SolanaWalletScanner - ERROR - Wallet file not found: test.tx
2025-02-04 16:44:52 - SolanaWalletScanner - ERROR - No wallets loaded. Stopping plugin execution
2025-02-04 16:44:53 - SolanaWalletScanner - ERROR - Wallet file not found: 
2025-02-04 16:44:53 - SolanaWalletScanner - ERROR - No wallets loaded. Stopping plugin execution
2025-02-04 16:44:55 - SolanaWalletScanner - INFO - Loaded 16 wallets from test.txt.
2025-02-04 16:44:55 - SolanaWalletScanner - INFO - Solana Wallet Scanner initialized with 16 wallets
2025-02-04 16:44:55 - WalletWave - INFO - Executing plugin...
2025-02-04 16:44:55 - SolanaWalletScanner - INFO - '' is invalid. Please enter a number 0 or greater
2025-02-04 16:44:57 - SolanaWalletScanner - INFO - Executing Solana Wallet Scanner...
2025-02-04 16:44:57 - GMGN_Client_v2 - INFO - Executing 1 queued requests...
2025-02-04 16:45:01 - GMGN_Client_v2 - ERROR - Received HTTP Unknown for https://gmgn.ai/defi/quotation/v1/smartmoney/sol/walletNew/6VBWNKezNFrVz9jCh5qrUXz8ZoySLEZvpyBHLqF9R28Y
2025-02-04 16:45:11 - SolanaWalletScanner - ERROR - Error fetching data for wallet 6VBWNKezNFrVz9jCh5qrUXz8ZoySLEZvpyBHLqF9R28Y: 'NoneType' object has no attribute 'url'
2025-02-04 16:45:11 - GMGN_Client_v2 - INFO - Executing 2 queued requests...
2025-02-04 16:45:15 - SolanaWalletScanner - ERROR - Error fetching data for wallet FW2PJkHDm9HpVcnR2MKbP2urd8u2buJQkQWogxnw7Fja: 'list' object has no attribute 'to_summary'
2025-02-04 16:45:15 - GMGN_Client_v2 - INFO - Executing 1 queued requests...
2025-02-04 16:45:20 - SolanaWalletScanner - ERROR - Error fetching data for wallet FDiVPpzjfbwxvjjqUSVrqFcCS7CG8aY9WWnxSsMWuj5W: 'list' object has no attribute 'to_summary'
2025-02-04 16:45:20 - GMGN_Client_v2 - INFO - Executing 1 queued requests...
2025-02-04 16:45:23 - GMGN_Client_v2 - ERROR - Received HTTP Unknown for https://gmgn.ai/defi/quotation/v1/smartmoney/sol/walletNew/Gvp8oQCJh9iwyDAjW7tSt9J5FismTmBctiBf8xDX6wg8
2025-02-04 16:45:32 - SolanaWalletScanner - ERROR - Error fetching data for wallet Gvp8oQCJh9iwyDAjW7tSt9J5FismTmBctiBf8xDX6wg8: 'NoneType' object has no attribute 'url'
2025-02-04 16:45:32 - GMGN_Client_v2 - INFO - Executing 2 queued requests...
2025-02-04 16:45:35 - GMGN_Client_v2 - ERROR - Received HTTP Unknown for https://gmgn.ai/defi/quotation/v1/smartmoney/sol/walletNew/Gvp8oQCJh9iwyDAjW7tSt9J5FismTmBctiBf8xDX6wg8
2025-02-04 17:06:59 - WalletWave - INFO - Initializing: Solana Wallet Scanner
2025-02-04 17:06:59 - SolanaWalletScanner - INFO - Solana Wallet Scanner initialized
2025-02-04 17:07:00 - SolanaWalletScanner - INFO - Loaded 16 wallets from test.txt.
2025-02-04 17:07:00 - SolanaWalletScanner - INFO - Solana Wallet Scanner initialized with 16 wallets
2025-02-04 17:07:00 - WalletWave - INFO - Executing plugin...
2025-02-04 17:07:02 - SolanaWalletScanner - INFO - Executing Solana Wallet Scanner...
2025-02-04 17:07:02 - GMGN_Client_v2 - INFO - Executing 1 queued requests...
2025-02-04 17:07:06 - GMGN_Client_v2 - ERROR - Received HTTP Unknown for https://gmgn.ai/defi/quotation/v1/smartmoney/sol/walletNew/6VBWNKezNFrVz9jCh5qrUXz8ZoySLEZvpyBHLqF9R28Y
2025-02-04 17:07:11 - SolanaWalletScanner - ERROR - Error fetching data for wallet 6VBWNKezNFrVz9jCh5qrUXz8ZoySLEZvpyBHLqF9R28Y: 'NoneType' object has no attribute 'url'
2025-02-04 17:07:11 - GMGN_Client_v2 - INFO - Executing 2 queued requests...
2025-02-04 17:07:14 - GMGN_Client_v2 - ERROR - Received HTTP Unknown for https://gmgn.ai/defi/quotation/v1/smartmoney/sol/walletNew/FW2PJkHDm9HpVcnR2MKbP2urd8u2buJQkQWogxnw7Fja
2025-02-04 17:07:20 - SolanaWalletScanner - ERROR - Error fetching data for wallet FW2PJkHDm9HpVcnR2MKbP2urd8u2buJQkQWogxnw7Fja: 'NoneType' object has no attribute 'url'
2025-02-04 17:07:20 - GMGN_Client_v2 - INFO - Executing 3 queued requests...
2025-02-04 17:07:23 - GMGN_Client_v2 - ERROR - Received HTTP Unknown for https://gmgn.ai/defi/quotation/v1/smartmoney/sol/walletNew/6VBWNKezNFrVz9jCh5qrUXz8ZoySLEZvpyBHLqF9R28Y
2025-02-04 17:07:30 - SolanaWalletScanner - ERROR - Error fetching data for wallet FDiVPpzjfbwxvjjqUSVrqFcCS7CG8aY9WWnxSsMWuj5W: 'NoneType' object has no attribute 'url'
2025-02-04 17:07:30 - GMGN_Client_v2 - INFO - Executing 4 queued requests...
2025-02-04 17:07:33 - GMGN_Client_v2 - ERROR - Received HTTP Unknown for https://gmgn.ai/defi/quotation/v1/smartmoney/sol/walletNew/FW2PJkHDm9HpVcnR2MKbP2urd8u2buJQkQWogxnw7Fja
2025-02-04 17:07:39 - SolanaWalletScanner - ERROR - Error fetching data for wallet Gvp8oQCJh9iwyDAjW7tSt9J5FismTmBctiBf8xDX6wg8: 'NoneType' object has no attribute 'url'
2025-02-04 17:07:39 - GMGN_Client_v2 - INFO - Executing 5 queued requests...
2025-02-04 17:07:40 - GMGN_Client_v2 - ERROR - Received HTTP Unknown for https://gmgn.ai/defi/quotation/v1/smartmoney/sol/walletNew/HEmg53AvjtCejY3NgqhF3dff5uJQPaLPiHU8GsJU7WzG
2025-02-04 17:07:47 - SolanaWalletScanner - ERROR - Error fetching data for wallet HEmg53AvjtCejY3NgqhF3dff5uJQPaLPiHU8GsJU7WzG: 'NoneType' object has no attribute 'url'
2025-02-04 17:07:47 - GMGN_Client_v2 - INFO - Executing 6 queued requests...
2025-02-04 17:07:49 - GMGN_Client_v2 - ERROR - Received HTTP Unknown for https://gmgn.ai/defi/quotation/v1/smartmoney/sol/walletNew/FDiVPpzjfbwxvjjqUSVrqFcCS7CG8aY9WWnxSsMWuj5W
2025-02-04 17:13:56 - WalletWave - INFO - Initializing: Solana Wallet Scanner
2025-02-04 17:13:56 - SolanaWalletScanner - INFO - Solana Wallet Scanner initialized
2025-02-04 17:13:58 - WalletWave - ERROR - An error occurred while running the plugin: 
2025-02-04 17:24:01 - WalletWave - INFO - Initializing: Solana Wallet Scanner
2025-02-04 17:24:01 - SolanaWalletScanner - INFO - Solana Wallet Scanner initialized
2025-02-04 17:24:03 - SolanaWalletScanner - INFO - Loaded 16 wallets from test.txt.
2025-02-04 17:24:03 - SolanaWalletScanner - INFO - Solana Wallet Scanner initialized with 16 wallets
2025-02-04 17:24:03 - WalletWave - INFO - Executing plugin...
2025-02-04 17:24:05 - SolanaWalletScanner - INFO - Executing Solana Wallet Scanner...
2025-02-04 17:24:05 - GMGN_Client_v2 - INFO - Executing 1 queued requests...
2025-02-04 17:24:06 - GMGN_Client_v2 - ERROR - Received HTTP Unknown for https://gmgn.ai/defi/quotation/v1/smartmoney/sol/walletNew/6VBWNKezNFrVz9jCh5qrUXz8ZoySLEZvpyBHLqF9R28Y
2025-02-04 17:24:12 - SolanaWalletScanner - ERROR - Error fetching data for wallet 6VBWNKezNFrVz9jCh5qrUXz8ZoySLEZvpyBHLqF9R28Y: 'NoneType' object has no attribute 'url'
2025-02-04 17:24:12 - GMGN_Client_v2 - INFO - Executing 2 queued requests...
2025-02-04 17:27:05 - WalletWave - INFO - Initializing: Solana Wallet Scanner
2025-02-04 17:27:05 - SolanaWalletScanner - INFO - Solana Wallet Scanner initialized
2025-02-04 17:27:06 - SolanaWalletScanner - INFO - Loaded 16 wallets from test.txt.
2025-02-04 17:27:06 - SolanaWalletScanner - INFO - Solana Wallet Scanner initialized with 16 wallets
2025-02-04 17:27:06 - WalletWave - INFO - Executing plugin...
2025-02-04 17:27:07 - SolanaWalletScanner - INFO - Executing Solana Wallet Scanner...
2025-02-04 17:27:07 - GMGN_Client_v2 - INFO - Executing 1 queued requests...
2025-02-04 17:27:09 - GMGN_Client_v2 - ERROR - Received HTTP Unknown for https://gmgn.ai/defi/quotation/v1/smartmoney/sol/walletNew/6VBWNKezNFrVz9jCh5qrUXz8ZoySLEZvpyBHLqF9R28Y
2025-02-04 17:27:17 - SolanaWalletScanner - ERROR - Error fetching data for wallet 6VBWNKezNFrVz9jCh5qrUXz8ZoySLEZvpyBHLqF9R28Y: 'NoneType' object has no attribute 'url'
2025-02-04 17:27:17 - GMGN_Client_v2 - INFO - Executing 2 queued requests...
2025-02-04 17:27:19 - GMGN_Client_v2 - ERROR - Received HTTP Unknown for https://gmgn.ai/defi/quotation/v1/smartmoney/sol/walletNew/FW2PJkHDm9HpVcnR2MKbP2urd8u2buJQkQWogxnw7Fja
2025-02-04 17:27:28 - SolanaWalletScanner - ERROR - Error fetching data for wallet FW2PJkHDm9HpVcnR2MKbP2urd8u2buJQkQWogxnw7Fja: 'NoneType' object has no attribute 'url'
2025-02-04 17:27:28 - GMGN_Client_v2 - INFO - Executing 3 queued requests...
2025-02-04 17:27:30 - GMGN_Client_v2 - ERROR - Received HTTP Unknown for https://gmgn.ai/defi/quotation/v1/smartmoney/sol/walletNew/6VBWNKezNFrVz9jCh5qrUXz8ZoySLEZvpyBHLqF9R28Y
2025-02-04 17:30:46 - WalletWave - INFO - Initializing: Solana Wallet Scanner
2025-02-04 17:30:46 - SolanaWalletScanner - INFO - Solana Wallet Scanner initialized
2025-02-04 17:30:48 - SolanaWalletScanner - INFO - Loaded 16 wallets from test.txt.
2025-02-04 17:30:48 - SolanaWalletScanner - INFO - Solana Wallet Scanner initialized with 16 wallets
2025-02-04 17:30:48 - WalletWave - INFO - Executing plugin...
2025-02-04 17:30:49 - SolanaWalletScanner - INFO - Executing Solana Wallet Scanner...
2025-02-04 17:30:49 - GMGN_Client_v2 - INFO - Executing 1 queued requests...
2025-02-04 17:30:53 - GMGN_Client_v2 - ERROR - Received HTTP Unknown for https://gmgn.ai/defi/quotation/v1/smartmoney/sol/walletNew/6VBWNKezNFrVz9jCh5qrUXz8ZoySLEZvpyBHLqF9R28Y
2025-02-04 17:31:02 - SolanaWalletScanner - ERROR - Error fetching data for wallet 6VBWNKezNFrVz9jCh5qrUXz8ZoySLEZvpyBHLqF9R28Y: 'NoneType' object has no attribute 'url'
2025-02-04 17:31:02 - GMGN_Client_v2 - INFO - Executing 2 queued requests...
2025-02-04 17:31:04 - GMGN_Client_v2 - ERROR - Received HTTP Unknown for https://gmgn.ai/defi/quotation/v1/smartmoney/sol/walletNew/FW2PJkHDm9HpVcnR2MKbP2urd8u2buJQkQWogxnw7Fja
2025-02-04 17:35:00 - WalletWave - INFO - Initializing: Solana Wallet Scanner
2025-02-04 17:35:00 - SolanaWalletScanner - INFO - Solana Wallet Scanner initialized
2025-02-04 17:35:02 - SolanaWalletScanner - INFO - Loaded 16 wallets from test.txt.
2025-02-04 17:35:02 - SolanaWalletScanner - INFO - Solana Wallet Scanner initialized with 16 wallets
2025-02-04 17:35:02 - WalletWave - INFO - Executing plugin...
2025-02-04 17:35:03 - SolanaWalletScanner - INFO - Executing Solana Wallet Scanner...
2025-02-04 17:35:03 - GMGN_Client_v2 - INFO - Executing 1 queued requests...
2025-02-04 17:35:05 - GMGN_Client_v2 - ERROR - Received HTTP Unknown for https://gmgn.ai/defi/quotation/v1/smartmoney/sol/walletNew/6VBWNKezNFrVz9jCh5qrUXz8ZoySLEZvpyBHLqF9R28Y
2025-02-04 17:35:10 - SolanaWalletScanner - ERROR - Error fetching data for wallet 6VBWNKezNFrVz9jCh5qrUXz8ZoySLEZvpyBHLqF9R28Y: 'NoneType' object has no attribute 'url'
2025-02-04 17:35:10 - GMGN_Client_v2 - INFO - Executing 2 queued requests...
2025-02-04 17:35:12 - GMGN_Client_v2 - ERROR - Received HTTP Unknown for https://gmgn.ai/defi/quotation/v1/smartmoney/sol/walletNew/6VBWNKezNFrVz9jCh5qrUXz8ZoySLEZvpyBHLqF9R28Y
2025-02-04 17:35:19 - SolanaWalletScanner - ERROR - Error fetching data for wallet FW2PJkHDm9HpVcnR2MKbP2urd8u2buJQkQWogxnw7Fja: 'NoneType' object has no attribute 'url'
2025-02-04 17:35:19 - GMGN_Client_v2 - INFO - Executing 3 queued requests...
2025-02-04 18:00:05 - WalletWave - INFO - Initializing: Solana Wallet Scanner
2025-02-04 18:00:05 - SolanaWalletScanner - INFO - Solana Wallet Scanner initialized
2025-02-04 18:00:07 - SolanaWalletScanner - INFO - Loaded 16 wallets from test.txt.
2025-02-04 18:00:07 - SolanaWalletScanner - INFO - Solana Wallet Scanner initialized with 16 wallets
2025-02-04 18:00:07 - WalletWave - INFO - Executing plugin...
2025-02-04 18:00:07 - SolanaWalletScanner - INFO - Executing Solana Wallet Scanner...
2025-02-04 18:00:07 - GMGN_Client_v2 - INFO - Executing 1 queued requests...
2025-02-04 18:00:09 - GMGN_Client_v2 - ERROR - Received HTTP No response for https://gmgn.ai/defi/quotation/v1/smartmoney/sol/walletNew/6VBWNKezNFrVz9jCh5qrUXz8ZoySLEZvpyBHLqF9R28Y
2025-02-04 18:00:14 - SolanaWalletScanner - ERROR - Error fetching data for wallet 6VBWNKezNFrVz9jCh5qrUXz8ZoySLEZvpyBHLqF9R28Y: 'NoneType' object has no attribute 'url'
2025-02-04 18:00:14 - GMGN_Client_v2 - INFO - Executing 2 queued requests...
2025-02-04 18:00:17 - GMGN_Client_v2 - ERROR - Received HTTP No response for https://gmgn.ai/defi/quotation/v1/smartmoney/sol/walletNew/FW2PJkHDm9HpVcnR2MKbP2urd8u2buJQkQWogxnw7Fja
2025-02-04 18:00:17 - GMGN_Client_v2 - ERROR - Received HTTP No response for https://gmgn.ai/defi/quotation/v1/smartmoney/sol/walletNew/6VBWNKezNFrVz9jCh5qrUXz8ZoySLEZvpyBHLqF9R28Y
2025-02-04 18:00:25 - SolanaWalletScanner - ERROR - Error fetching data for wallet FW2PJkHDm9HpVcnR2MKbP2urd8u2buJQkQWogxnw7Fja: 'NoneType' object has no attribute 'url'
2025-02-04 18:00:25 - GMGN_Client_v2 - INFO - Executing 3 queued requests...
2025-02-04 18:00:27 - GMGN_Client_v2 - ERROR - Received HTTP No response for https://gmgn.ai/defi/quotation/v1/smartmoney/sol/walletNew/6VBWNKezNFrVz9jCh5qrUXz8ZoySLEZvpyBHLqF9R28Y
2025-02-04 18:00:28 - GMGN_Client_v2 - ERROR - Received HTTP No response for https://gmgn.ai/defi/quotation/v1/smartmoney/sol/walletNew/FW2PJkHDm9HpVcnR2MKbP2urd8u2buJQkQWogxnw7Fja
2025-02-04 18:00:30 - GMGN_Client_v2 - ERROR - Received HTTP No response for https://gmgn.ai/defi/quotation/v1/smartmoney/sol/walletNew/FDiVPpzjfbwxvjjqUSVrqFcCS7CG8aY9WWnxSsMWuj5W
2025-02-04 18:00:36 - SolanaWalletScanner - ERROR - Error fetching data for wallet FDiVPpzjfbwxvjjqUSVrqFcCS7CG8aY9WWnxSsMWuj5W: 'NoneType' object has no attribute 'url'
2025-02-04 18:00:36 - GMGN_Client_v2 - INFO - Executing 4 queued requests...
2025-02-04 18:00:37 - GMGN_Client_v2 - ERROR - Received HTTP No response for https://gmgn.ai/defi/quotation/v1/smartmoney/sol/walletNew/FDiVPpzjfbwxvjjqUSVrqFcCS7CG8aY9WWnxSsMWuj5W
2025-02-04 18:00:38 - GMGN_Client_v2 - ERROR - Received HTTP No response for https://gmgn.ai/defi/quotation/v1/smartmoney/sol/walletNew/Gvp8oQCJh9iwyDAjW7tSt9J5FismTmBctiBf8xDX6wg8
2025-02-04 18:00:39 - GMGN_Client_v2 - ERROR - Received HTTP No response for https://gmgn.ai/defi/quotation/v1/smartmoney/sol/walletNew/6VBWNKezNFrVz9jCh5qrUXz8ZoySLEZvpyBHLqF9R28Y
2025-02-04 18:00:39 - GMGN_Client_v2 - ERROR - Received HTTP No response for https://gmgn.ai/defi/quotation/v1/smartmoney/sol/walletNew/FW2PJkHDm9HpVcnR2MKbP2urd8u2buJQkQWogxnw7Fja
2025-02-04 18:00:45 - SolanaWalletScanner - ERROR - Error fetching data for wallet Gvp8oQCJh9iwyDAjW7tSt9J5FismTmBctiBf8xDX6wg8: 'NoneType' object has no attribute 'url'
2025-02-04 18:00:45 - GMGN_Client_v2 - INFO - Executing 5 queued requests...
2025-02-04 18:00:46 - GMGN_Client_v2 - ERROR - Received HTTP No response for https://gmgn.ai/defi/quotation/v1/smartmoney/sol/walletNew/FW2PJkHDm9HpVcnR2MKbP2urd8u2buJQkQWogxnw7Fja
2025-02-04 18:00:47 - GMGN_Client_v2 - ERROR - Received HTTP No response for https://gmgn.ai/defi/quotation/v1/smartmoney/sol/walletNew/6VBWNKezNFrVz9jCh5qrUXz8ZoySLEZvpyBHLqF9R28Y
2025-02-04 18:07:17 - WalletWave - INFO - Initializing: Solana Wallet Scanner
2025-02-04 18:07:17 - SolanaWalletScanner - INFO - Solana Wallet Scanner initialized
2025-02-04 18:07:19 - SolanaWalletScanner - INFO - Loaded 16 wallets from test.txt.
2025-02-04 18:07:19 - SolanaWalletScanner - INFO - Solana Wallet Scanner initialized with 16 wallets
2025-02-04 18:07:19 - WalletWave - INFO - Executing plugin...
2025-02-04 18:07:21 - SolanaWalletScanner - INFO - Executing Solana Wallet Scanner...
2025-02-04 18:07:21 - GMGN_Client_v2 - INFO - Executing 1 queued requests...
2025-02-04 18:07:34 - SolanaWalletScanner - ERROR - Error fetching data for wallet 6VBWNKezNFrVz9jCh5qrUXz8ZoySLEZvpyBHLqF9R28Y: 'NoneType' object has no attribute 'url'
2025-02-04 18:07:34 - GMGN_Client_v2 - INFO - Executing 2 queued requests...
2025-02-04 18:07:43 - SolanaWalletScanner - ERROR - Error fetching data for wallet FW2PJkHDm9HpVcnR2MKbP2urd8u2buJQkQWogxnw7Fja: 'NoneType' object has no attribute 'url'
2025-02-04 18:07:43 - GMGN_Client_v2 - INFO - Executing 3 queued requests...
2025-02-04 18:07:49 - SolanaWalletScanner - ERROR - Error fetching data for wallet FDiVPpzjfbwxvjjqUSVrqFcCS7CG8aY9WWnxSsMWuj5W: 'NoneType' object has no attribute 'url'
2025-02-04 18:07:49 - GMGN_Client_v2 - INFO - Executing 4 queued requests...
2025-02-04 18:08:01 - SolanaWalletScanner - ERROR - Error fetching data for wallet Gvp8oQCJh9iwyDAjW7tSt9J5FismTmBctiBf8xDX6wg8: 'NoneType' object has no attribute 'url'
2025-02-04 18:08:01 - GMGN_Client_v2 - INFO - Executing 5 queued requests...
2025-02-04 18:08:10 - SolanaWalletScanner - ERROR - Error fetching data for wallet HEmg53AvjtCejY3NgqhF3dff5uJQPaLPiHU8GsJU7WzG: 'NoneType' object has no attribute 'url'
2025-02-04 18:08:10 - GMGN_Client_v2 - INFO - Executing 6 queued requests...
